2014-10-07 18:36:01 INFO  App:25 - 
1 - Load class and invoke method;
2 - Help;
3 - Exit
2014-10-07 18:36:04 INFO  ClassToLoad:10 - Hello Aliaksandr
2014-10-07 18:36:32 INFO  App:25 - 
1 - Load class and invoke method;
2 - Help;
3 - Exit
2014-10-07 18:36:36 INFO  ClassToLoad:10 - Hello Aliaksandr
2014-10-07 18:37:00 INFO  App:25 - 
1 - Load class and invoke method;
2 - Help;
3 - Exit
2014-10-07 18:37:05 INFO  ClassToLoad:10 - Hello Aliaksandr
2014-10-07 18:37:12 INFO  App:25 - 
1 - Load class and invoke method;
2 - Help;
3 - Exit
2014-10-07 18:37:17 INFO  ClassToLoad:10 - Hello Aliaksandr
